2019-06-04 16:39:26.124  INFO TanjaS --- [           main] p.b.M.MegaTravelApplication              : Starting MegaTravelApplication on TanjaS with PID 5568 (started by Windows 10 in C:\Users\Windows 10\git\BSEP_XML\MegaTravel)
2019-06-04 16:39:26.171  INFO TanjaS --- [           main] p.b.M.MegaTravelApplication              : No active profile set, falling back to default profiles: default
2019-06-04 16:39:36.482  INFO TanjaS --- [           main] .s.d.r.c.RepositoryConfigurationDelegate : Bootstrapping Spring Data repositories in DEFAULT mode.
2019-06-04 16:39:37.756  INFO TanjaS --- [           main] .s.d.r.c.RepositoryConfigurationDelegate : Finished Spring Data repository scanning in 1247ms. Found 6 repository interfaces.
2019-06-04 16:39:40.019  INFO TanjaS --- [           main] trationDelegate$BeanPostProcessorChecker : Bean 'org.springframework.amqp.rabbit.annotation.RabbitBootstrapConfiguration' of type [org.springframework.amqp.rabbit.annotation.RabbitBootstrapConfiguration$$EnhancerBySpringCGLIB$$97e9ae42] is not eligible for getting processed by all BeanPostProcessors (for example: not eligible for auto-proxying)
2019-06-04 16:39:40.815  INFO TanjaS --- [           main] trationDelegate$BeanPostProcessorChecker : Bean 'org.springframework.transaction.annotation.ProxyTransactionManagementConfiguration' of type [org.springframework.transaction.annotation.ProxyTransactionManagementConfiguration$$EnhancerBySpringCGLIB$$d17df014] is not eligible for getting processed by all BeanPostProcessors (for example: not eligible for auto-proxying)
2019-06-04 16:39:41.268  INFO TanjaS --- [           main] trationDelegate$BeanPostProcessorChecker : Bean 'org.springframework.security.config.annotation.configuration.ObjectPostProcessorConfiguration' of type [org.springframework.security.config.annotation.configuration.ObjectPostProcessorConfiguration$$EnhancerBySpringCGLIB$$6a2bb84e] is not eligible for getting processed by all BeanPostProcessors (for example: not eligible for auto-proxying)
2019-06-04 16:39:41.297  INFO TanjaS --- [           main] trationDelegate$BeanPostProcessorChecker : Bean 'objectPostProcessor' of type [org.springframework.security.config.annotation.configuration.AutowireBeanFactoryObjectPostProcessor] is not eligible for getting processed by all BeanPostProcessors (for example: not eligible for auto-proxying)
2019-06-04 16:39:41.311  INFO TanjaS --- [           main] trationDelegate$BeanPostProcessorChecker : Bean 'org.springframework.security.access.expression.method.DefaultMethodSecurityExpressionHandler@244418a' of type [org.springframework.security.access.expression.method.DefaultMethodSecurityExpressionHandler] is not eligible for getting processed by all BeanPostProcessors (for example: not eligible for auto-proxying)
2019-06-04 16:39:41.323  INFO TanjaS --- [           main] trationDelegate$BeanPostProcessorChecker : Bean 'org.springframework.security.config.annotation.method.configuration.GlobalMethodSecurityConfiguration' of type [org.springframework.security.config.annotation.method.configuration.GlobalMethodSecurityConfiguration$$EnhancerBySpringCGLIB$$8f005b00] is not eligible for getting processed by all BeanPostProcessors (for example: not eligible for auto-proxying)
2019-06-04 16:39:41.345  INFO TanjaS --- [           main] trationDelegate$BeanPostProcessorChecker : Bean 'methodSecurityMetadataSource' of type [org.springframework.security.access.method.DelegatingMethodSecurityMetadataSource] is not eligible for getting processed by all BeanPostProcessors (for example: not eligible for auto-proxying)
2019-06-04 16:39:41.508  INFO TanjaS --- [           main] trationDelegate$BeanPostProcessorChecker : Bean 'org.springframework.hateoas.config.HateoasConfiguration' of type [org.springframework.hateoas.config.HateoasConfiguration$$EnhancerBySpringCGLIB$$50fe3d46] is not eligible for getting processed by all BeanPostProcessors (for example: not eligible for auto-proxying)
2019-06-04 16:39:44.556  INFO TanjaS --- [           main] o.s.b.w.e.t.TomcatWebServer              : Tomcat initialized with port(s): 8443 (https)
2019-06-04 16:39:44.630  INFO TanjaS --- [           main] o.a.c.h.Http11NioProtocol                : Initializing ProtocolHandler ["https-jsse-nio-8443"]
2019-06-04 16:39:44.708  INFO TanjaS --- [           main] o.a.c.c.StandardService                  : Starting service [Tomcat]
2019-06-04 16:39:44.712  INFO TanjaS --- [           main] o.a.c.c.StandardEngine                   : Starting Servlet engine: [Apache Tomcat/9.0.16]
2019-06-04 16:39:44.737  INFO TanjaS --- [           main] o.a.c.c.AprLifecycleListener             : The APR based Apache Tomcat Native library which allows optimal performance in production environments was not found on the java.library.path: [C:\Program Files\Java\jre1.8.0_191\bin;C:\Windows\Sun\Java\bin;C:\Windows\system32;C:\Windows;C:/Program Files/Java/jre1.8.0_191/bin/server;C:/Program Files/Java/jre1.8.0_191/bin;C:/Program Files/Java/jre1.8.0_191/lib/amd64;C:\ProgramData\Anaconda3;C:\ProgramData\Anaconda3\Library\mingw-w64\bin;C:\ProgramData\Anaconda3\Library\usr\bin;C:\ProgramData\Anaconda3\Library\bin;C:\ProgramData\Anaconda3\Scripts;C:\Program Files (x86)\Common Files\Oracle\Java\javapath;C:\ProgramData\Oracle\Java\javapath;C:\Windows\system32;C:\Windows;C:\Windows\System32\Wbem;C:\Windows\System32\WindowsPowerShell\v1.0\;C:\Windows\System32\OpenSSH\;C:\Program Files\dotnet\;C:\Program Files\Microsoft SQL Server\130\Tools\Binn\;C:\Program Files\Java\jdk1.8.0_191\bin;C:\Program Files\Java\jre1.8.0_191\bin;C:\Program Files\Git\cmd;C:\Program Files\nodejs\;C:\Users\Windows 10\AppData\Local\Microsoft\WindowsApps;;C:\Users\Windows 10\AppData\Local\Programs\Microsoft VS Code\bin;C:\Users\Windows 10\AppData\Roaming\npm;C:\Users\Windows 10\Downloads\eclipse;;.]
2019-06-04 16:39:50.371  INFO TanjaS --- [           main] o.a.c.c.C.[.[.[/]                        : Initializing Spring embedded WebApplicationContext
2019-06-04 16:39:50.371  INFO TanjaS --- [           main] o.s.w.c.ContextLoader                    : Root WebApplicationContext: initialization completed in 23872 ms
2019-06-04 16:39:56.755  INFO TanjaS --- [           main] c.z.h.HikariDataSource                   : HikariPool-1 - Starting...
2019-06-04 16:39:58.522 ERROR TanjaS --- [           main] c.z.h.p.HikariPool                       : HikariPool-1 - Exception during pool initialization.
java.sql.SQLNonTransientConnectionException: Public Key Retrieval is not allowed
	at com.mysql.cj.jdbc.exceptions.SQLError.createSQLException(SQLError.java:110)
	at com.mysql.cj.jdbc.exceptions.SQLError.createSQLException(SQLError.java:97)
	at com.mysql.cj.jdbc.exceptions.SQLExceptionsMapping.translateException(SQLExceptionsMapping.java:122)
	at com.mysql.cj.jdbc.ConnectionImpl.createNewIO(ConnectionImpl.java:835)
	at com.mysql.cj.jdbc.ConnectionImpl.<init>(ConnectionImpl.java:455)
	at com.mysql.cj.jdbc.ConnectionImpl.getInstance(ConnectionImpl.java:240)
	at com.mysql.cj.jdbc.NonRegisteringDriver.connect(NonRegisteringDriver.java:207)
	at com.zaxxer.hikari.util.DriverDataSource.getConnection(DriverDataSource.java:136)
	at com.zaxxer.hikari.pool.PoolBase.newConnection(PoolBase.java:369)
	at com.zaxxer.hikari.pool.PoolBase.newPoolEntry(PoolBase.java:198)
	at com.zaxxer.hikari.pool.HikariPool.createPoolEntry(HikariPool.java:467)
	at com.zaxxer.hikari.pool.HikariPool.checkFailFast(HikariPool.java:541)
	at com.zaxxer.hikari.pool.HikariPool.<init>(HikariPool.java:115)
	at com.zaxxer.hikari.HikariDataSource.getConnection(HikariDataSource.java:112)
	at org.springframework.jdbc.datasource.DataSourceUtils.fetchConnection(DataSourceUtils.java:157)
	at org.springframework.jdbc.datasource.DataSourceUtils.doGetConnection(DataSourceUtils.java:115)
	at org.springframework.jdbc.datasource.DataSourceUtils.getConnection(DataSourceUtils.java:78)
	at org.springframework.jdbc.support.JdbcUtils.extractDatabaseMetaData(JdbcUtils.java:319)
	at org.springframework.jdbc.support.JdbcUtils.extractDatabaseMetaData(JdbcUtils.java:356)
	at org.springframework.boot.autoconfigure.orm.jpa.DatabaseLookup.getDatabase(DatabaseLookup.java:73)
	at org.springframework.boot.autoconfigure.orm.jpa.JpaProperties.determineDatabase(JpaProperties.java:142)
	at org.springframework.boot.autoconfigure.orm.jpa.JpaBaseConfiguration.jpaVendorAdapter(JpaBaseConfiguration.java:113)
	at org.springframework.boot.autoconfigure.orm.jpa.HibernateJpaConfiguration$$EnhancerBySpringCGLIB$$f054b283.CGLIB$jpaVendorAdapter$9(<generated>)
	at org.springframework.boot.autoconfigure.orm.jpa.HibernateJpaConfiguration$$EnhancerBySpringCGLIB$$f054b283$$FastClassBySpringCGLIB$$2abd00e3.invoke(<generated>)
	at org.springframework.cglib.proxy.MethodProxy.invokeSuper(MethodProxy.java:244)
	at org.springframework.context.annotation.ConfigurationClassEnhancer$BeanMethodInterceptor.intercept(ConfigurationClassEnhancer.java:363)
	at org.springframework.boot.autoconfigure.orm.jpa.HibernateJpaConfiguration$$EnhancerBySpringCGLIB$$f054b283.jpaVendorAdapter(<generated>)
	at sun.reflect.NativeMethodAccessorImpl.invoke0(Native Method)
	at sun.reflect.NativeMethodAccessorImpl.invoke(Unknown Source)
	at sun.reflect.DelegatingMethodAccessorImpl.invoke(Unknown Source)
	at java.lang.reflect.Method.invoke(Unknown Source)
	at org.springframework.beans.factory.support.SimpleInstantiationStrategy.instantiate(SimpleInstantiationStrategy.java:154)
	at org.springframework.beans.factory.support.ConstructorResolver.instantiate(ConstructorResolver.java:622)
	at org.springframework.beans.factory.support.ConstructorResolver.instantiateUsingFactoryMethod(ConstructorResolver.java:456)
	at org.springframework.beans.factory.support.AbstractAutowireCapableBeanFactory.instantiateUsingFactoryMethod(AbstractAutowireCapableBeanFactory.java:1305)
	at org.springframework.beans.factory.support.AbstractAutowireCapableBeanFactory.createBeanInstance(AbstractAutowireCapableBeanFactory.java:1144)
	at org.springframework.beans.factory.support.AbstractAutowireCapableBeanFactory.doCreateBean(AbstractAutowireCapableBeanFactory.java:555)
	at org.springframework.beans.factory.support.AbstractAutowireCapableBeanFactory.createBean(AbstractAutowireCapableBeanFactory.java:515)
	at org.springframework.beans.factory.support.AbstractBeanFactory.lambda$doGetBean$0(AbstractBeanFactory.java:320)
	at org.springframework.beans.factory.support.DefaultSingletonBeanRegistry.getSingleton(DefaultSingletonBeanRegistry.java:222)
	at org.springframework.beans.factory.support.AbstractBeanFactory.doGetBean(AbstractBeanFactory.java:318)
	at org.springframework.beans.factory.support.AbstractBeanFactory.getBean(AbstractBeanFactory.java:199)
	at org.springframework.beans.factory.config.DependencyDescriptor.resolveCandidate(DependencyDescriptor.java:277)
	at org.springframework.beans.factory.support.DefaultListableBeanFactory.doResolveDependency(DefaultListableBeanFactory.java:1247)
	at org.springframework.beans.factory.support.DefaultListableBeanFactory.resolveDependency(DefaultListableBeanFactory.java:1167)
	at org.springframework.beans.factory.support.ConstructorResolver.resolveAutowiredArgument(ConstructorResolver.java:857)
	at org.springframework.beans.factory.support.ConstructorResolver.createArgumentArray(ConstructorResolver.java:760)
	at org.springframework.beans.factory.support.ConstructorResolver.instantiateUsingFactoryMethod(ConstructorResolver.java:509)
	at org.springframework.beans.factory.support.AbstractAutowireCapableBeanFactory.instantiateUsingFactoryMethod(AbstractAutowireCapableBeanFactory.java:1305)
	at org.springframework.beans.factory.support.AbstractAutowireCapableBeanFactory.createBeanInstance(AbstractAutowireCapableBeanFactory.java:1144)
	at org.springframework.beans.factory.support.AbstractAutowireCapableBeanFactory.doCreateBean(AbstractAutowireCapableBeanFactory.java:555)
	at org.springframework.beans.factory.support.AbstractAutowireCapableBeanFactory.createBean(AbstractAutowireCapableBeanFactory.java:515)
	at org.springframework.beans.factory.support.AbstractBeanFactory.lambda$doGetBean$0(AbstractBeanFactory.java:320)
	at org.springframework.beans.factory.support.DefaultSingletonBeanRegistry.getSingleton(DefaultSingletonBeanRegistry.java:222)
	at org.springframework.beans.factory.support.AbstractBeanFactory.doGetBean(AbstractBeanFactory.java:318)
	at org.springframework.beans.factory.support.AbstractBeanFactory.getBean(AbstractBeanFactory.java:199)
	at org.springframework.beans.factory.config.DependencyDescriptor.resolveCandidate(DependencyDescriptor.java:277)
	at org.springframework.beans.factory.support.DefaultListableBeanFactory.doResolveDependency(DefaultListableBeanFactory.java:1247)
	at org.springframework.beans.factory.support.DefaultListableBeanFactory.resolveDependency(DefaultListableBeanFactory.java:1167)
	at org.springframework.beans.factory.support.ConstructorResolver.resolveAutowiredArgument(ConstructorResolver.java:857)
	at org.springframework.beans.factory.support.ConstructorResolver.createArgumentArray(ConstructorResolver.java:760)
	at org.springframework.beans.factory.support.ConstructorResolver.instantiateUsingFactoryMethod(ConstructorResolver.java:509)
	at org.springframework.beans.factory.support.AbstractAutowireCapableBeanFactory.instantiateUsingFactoryMethod(AbstractAutowireCapableBeanFactory.java:1305)
	at org.springframework.beans.factory.support.AbstractAutowireCapableBeanFactory.createBeanInstance(AbstractAutowireCapableBeanFactory.java:1144)
	at org.springframework.beans.factory.support.AbstractAutowireCapableBeanFactory.doCreateBean(AbstractAutowireCapableBeanFactory.java:555)
	at org.springframework.beans.factory.support.AbstractAutowireCapableBeanFactory.createBean(AbstractAutowireCapableBeanFactory.java:515)
	at org.springframework.beans.factory.support.AbstractBeanFactory.lambda$doGetBean$0(AbstractBeanFactory.java:320)
	at org.springframework.beans.factory.support.DefaultSingletonBeanRegistry.getSingleton(DefaultSingletonBeanRegistry.java:222)
	at org.springframework.beans.factory.support.AbstractBeanFactory.doGetBean(AbstractBeanFactory.java:318)
	at org.springframework.beans.factory.support.AbstractBeanFactory.getBean(AbstractBeanFactory.java:199)
	at org.springframework.context.support.AbstractApplicationContext.getBean(AbstractApplicationContext.java:1105)
	at org.springframework.context.support.AbstractApplicationContext.finishBeanFactoryInitialization(AbstractApplicationContext.java:867)
	at org.springframework.context.support.AbstractApplicationContext.refresh(AbstractApplicationContext.java:549)
	at org.springframework.boot.web.servlet.context.ServletWebServerApplicationContext.refresh(ServletWebServerApplicationContext.java:142)
	at org.springframework.boot.SpringApplication.refresh(SpringApplication.java:775)
	at org.springframework.boot.SpringApplication.refreshContext(SpringApplication.java:397)
	at org.springframework.boot.SpringApplication.run(SpringApplication.java:316)
	at org.springframework.boot.SpringApplication.run(SpringApplication.java:1260)
	at org.springframework.boot.SpringApplication.run(SpringApplication.java:1248)
	at project.besp.MegaTravel.MegaTravelApplication.main(MegaTravelApplication.java:17)
2019-06-04 16:39:58.579  WARN TanjaS --- [           main] o.s.b.a.o.j.DatabaseLookup               : Unable to determine jdbc url from datasource
org.springframework.jdbc.support.MetaDataAccessException: Could not get Connection for extracting meta-data; nested exception is org.springframework.jdbc.CannotGetJdbcConnectionException: Failed to obtain JDBC Connection; nested exception is java.sql.SQLNonTransientConnectionException: Public Key Retrieval is not allowed
	at org.springframework.jdbc.support.JdbcUtils.extractDatabaseMetaData(JdbcUtils.java:328)
	at org.springframework.jdbc.support.JdbcUtils.extractDatabaseMetaData(JdbcUtils.java:356)
	at org.springframework.boot.autoconfigure.orm.jpa.DatabaseLookup.getDatabase(DatabaseLookup.java:73)
	at org.springframework.boot.autoconfigure.orm.jpa.JpaProperties.determineDatabase(JpaProperties.java:142)
	at org.springframework.boot.autoconfigure.orm.jpa.JpaBaseConfiguration.jpaVendorAdapter(JpaBaseConfiguration.java:113)
	at org.springframework.boot.autoconfigure.orm.jpa.HibernateJpaConfiguration$$EnhancerBySpringCGLIB$$f054b283.CGLIB$jpaVendorAdapter$9(<generated>)
	at org.springframework.boot.autoconfigure.orm.jpa.HibernateJpaConfiguration$$EnhancerBySpringCGLIB$$f054b283$$FastClassBySpringCGLIB$$2abd00e3.invoke(<generated>)
	at org.springframework.cglib.proxy.MethodProxy.invokeSuper(MethodProxy.java:244)
	at org.springframework.context.annotation.ConfigurationClassEnhancer$BeanMethodInterceptor.intercept(ConfigurationClassEnhancer.java:363)
	at org.springframework.boot.autoconfigure.orm.jpa.HibernateJpaConfiguration$$EnhancerBySpringCGLIB$$f054b283.jpaVendorAdapter(<generated>)
	at sun.reflect.NativeMethodAccessorImpl.invoke0(Native Method)
	at sun.reflect.NativeMethodAccessorImpl.invoke(Unknown Source)
	at sun.reflect.DelegatingMethodAccessorImpl.invoke(Unknown Source)
	at java.lang.reflect.Method.invoke(Unknown Source)
	at org.springframework.beans.factory.support.SimpleInstantiationStrategy.instantiate(SimpleInstantiationStrategy.java:154)
	at org.springframework.beans.factory.support.ConstructorResolver.instantiate(ConstructorResolver.java:622)
	at org.springframework.beans.factory.support.ConstructorResolver.instantiateUsingFactoryMethod(ConstructorResolver.java:456)
	at org.springframework.beans.factory.support.AbstractAutowireCapableBeanFactory.instantiateUsingFactoryMethod(AbstractAutowireCapableBeanFactory.java:1305)
	at org.springframework.beans.factory.support.AbstractAutowireCapableBeanFactory.createBeanInstance(AbstractAutowireCapableBeanFactory.java:1144)
	at org.springframework.beans.factory.support.AbstractAutowireCapableBeanFactory.doCreateBean(AbstractAutowireCapableBeanFactory.java:555)
	at org.springframework.beans.factory.support.AbstractAutowireCapableBeanFactory.createBean(AbstractAutowireCapableBeanFactory.java:515)
	at org.springframework.beans.factory.support.AbstractBeanFactory.lambda$doGetBean$0(AbstractBeanFactory.java:320)
	at org.springframework.beans.factory.support.DefaultSingletonBeanRegistry.getSingleton(DefaultSingletonBeanRegistry.java:222)
	at org.springframework.beans.factory.support.AbstractBeanFactory.doGetBean(AbstractBeanFactory.java:318)
	at org.springframework.beans.factory.support.AbstractBeanFactory.getBean(AbstractBeanFactory.java:199)
	at org.springframework.beans.factory.config.DependencyDescriptor.resolveCandidate(DependencyDescriptor.java:277)
	at org.springframework.beans.factory.support.DefaultListableBeanFactory.doResolveDependency(DefaultListableBeanFactory.java:1247)
	at org.springframework.beans.factory.support.DefaultListableBeanFactory.resolveDependency(DefaultListableBeanFactory.java:1167)
	at org.springframework.beans.factory.support.ConstructorResolver.resolveAutowiredArgument(ConstructorResolver.java:857)
	at org.springframework.beans.factory.support.ConstructorResolver.createArgumentArray(ConstructorResolver.java:760)
	at org.springframework.beans.factory.support.ConstructorResolver.instantiateUsingFactoryMethod(ConstructorResolver.java:509)
	at org.springframework.beans.factory.support.AbstractAutowireCapableBeanFactory.instantiateUsingFactoryMethod(AbstractAutowireCapableBeanFactory.java:1305)
	at org.springframework.beans.factory.support.AbstractAutowireCapableBeanFactory.createBeanInstance(AbstractAutowireCapableBeanFactory.java:1144)
	at org.springframework.beans.factory.support.AbstractAutowireCapableBeanFactory.doCreateBean(AbstractAutowireCapableBeanFactory.java:555)
	at org.springframework.beans.factory.support.AbstractAutowireCapableBeanFactory.createBean(AbstractAutowireCapableBeanFactory.java:515)
	at org.springframework.beans.factory.support.AbstractBeanFactory.lambda$doGetBean$0(AbstractBeanFactory.java:320)
	at org.springframework.beans.factory.support.DefaultSingletonBeanRegistry.getSingleton(DefaultSingletonBeanRegistry.java:222)
	at org.springframework.beans.factory.support.AbstractBeanFactory.doGetBean(AbstractBeanFactory.java:318)
	at org.springframework.beans.factory.support.AbstractBeanFactory.getBean(AbstractBeanFactory.java:199)
	at org.springframework.beans.factory.config.DependencyDescriptor.resolveCandidate(DependencyDescriptor.java:277)
	at org.springframework.beans.factory.support.DefaultListableBeanFactory.doResolveDependency(DefaultListableBeanFactory.java:1247)
	at org.springframework.beans.factory.support.DefaultListableBeanFactory.resolveDependency(DefaultListableBeanFactory.java:1167)
	at org.springframework.beans.factory.support.ConstructorResolver.resolveAutowiredArgument(ConstructorResolver.java:857)
	at org.springframework.beans.factory.support.ConstructorResolver.createArgumentArray(ConstructorResolver.java:760)
	at org.springframework.beans.factory.support.ConstructorResolver.instantiateUsingFactoryMethod(ConstructorResolver.java:509)
	at org.springframework.beans.factory.support.AbstractAutowireCapableBeanFactory.instantiateUsingFactoryMethod(AbstractAutowireCapableBeanFactory.java:1305)
	at org.springframework.beans.factory.support.AbstractAutowireCapableBeanFactory.createBeanInstance(AbstractAutowireCapableBeanFactory.java:1144)
	at org.springframework.beans.factory.support.AbstractAutowireCapableBeanFactory.doCreateBean(AbstractAutowireCapableBeanFactory.java:555)
	at org.springframework.beans.factory.support.AbstractAutowireCapableBeanFactory.createBean(AbstractAutowireCapableBeanFactory.java:515)
	at org.springframework.beans.factory.support.AbstractBeanFactory.lambda$doGetBean$0(AbstractBeanFactory.java:320)
	at org.springframework.beans.factory.support.DefaultSingletonBeanRegistry.getSingleton(DefaultSingletonBeanRegistry.java:222)
	at org.springframework.beans.factory.support.AbstractBeanFactory.doGetBean(AbstractBeanFactory.java:318)
	at org.springframework.beans.factory.support.AbstractBeanFactory.getBean(AbstractBeanFactory.java:199)
	at org.springframework.context.support.AbstractApplicationContext.getBean(AbstractApplicationContext.java:1105)
	at org.springframework.context.support.AbstractApplicationContext.finishBeanFactoryInitialization(AbstractApplicationContext.java:867)
	at org.springframework.context.support.AbstractApplicationContext.refresh(AbstractApplicationContext.java:549)
	at org.springframework.boot.web.servlet.context.ServletWebServerApplicationContext.refresh(ServletWebServerApplicationContext.java:142)
	at org.springframework.boot.SpringApplication.refresh(SpringApplication.java:775)
	at org.springframework.boot.SpringApplication.refreshContext(SpringApplication.java:397)
	at org.springframework.boot.SpringApplication.run(SpringApplication.java:316)
	at org.springframework.boot.SpringApplication.run(SpringApplication.java:1260)
	at org.springframework.boot.SpringApplication.run(SpringApplication.java:1248)
	at project.besp.MegaTravel.MegaTravelApplication.main(MegaTravelApplication.java:17)
Caused by: org.springframework.jdbc.CannotGetJdbcConnectionException: Failed to obtain JDBC Connection; nested exception is java.sql.SQLNonTransientConnectionException: Public Key Retrieval is not allowed
	at org.springframework.jdbc.datasource.DataSourceUtils.getConnection(DataSourceUtils.java:81)
	at org.springframework.jdbc.support.JdbcUtils.extractDatabaseMetaData(JdbcUtils.java:319)
	... 62 more
Caused by: java.sql.SQLNonTransientConnectionException: Public Key Retrieval is not allowed
	at com.mysql.cj.jdbc.exceptions.SQLError.createSQLException(SQLError.java:110)
	at com.mysql.cj.jdbc.exceptions.SQLError.createSQLException(SQLError.java:97)
	at com.mysql.cj.jdbc.exceptions.SQLExceptionsMapping.translateException(SQLExceptionsMapping.java:122)
	at com.mysql.cj.jdbc.ConnectionImpl.createNewIO(ConnectionImpl.java:835)
	at com.mysql.cj.jdbc.ConnectionImpl.<init>(ConnectionImpl.java:455)
	at com.mysql.cj.jdbc.ConnectionImpl.getInstance(ConnectionImpl.java:240)
	at com.mysql.cj.jdbc.NonRegisteringDriver.connect(NonRegisteringDriver.java:207)
	at com.zaxxer.hikari.util.DriverDataSource.getConnection(DriverDataSource.java:136)
	at com.zaxxer.hikari.pool.PoolBase.newConnection(PoolBase.java:369)
	at com.zaxxer.hikari.pool.PoolBase.newPoolEntry(PoolBase.java:198)
	at com.zaxxer.hikari.pool.HikariPool.createPoolEntry(HikariPool.java:467)
	at com.zaxxer.hikari.pool.HikariPool.checkFailFast(HikariPool.java:541)
	at com.zaxxer.hikari.pool.HikariPool.<init>(HikariPool.java:115)
	at com.zaxxer.hikari.HikariDataSource.getConnection(HikariDataSource.java:112)
	at org.springframework.jdbc.datasource.DataSourceUtils.fetchConnection(DataSourceUtils.java:157)
	at org.springframework.jdbc.datasource.DataSourceUtils.doGetConnection(DataSourceUtils.java:115)
	at org.springframework.jdbc.datasource.DataSourceUtils.getConnection(DataSourceUtils.java:78)
	... 63 more
2019-06-04 16:39:59.036  INFO TanjaS --- [           main] o.h.j.i.u.LogHelper                      : HHH000204: Processing PersistenceUnitInfo [
	name: default
	...]
2019-06-04 16:39:59.525  INFO TanjaS --- [           main] o.h.Version                              : HHH000412: Hibernate Core {5.3.7.Final}
2019-06-04 16:39:59.531  INFO TanjaS --- [           main] o.h.c.Environment                        : HHH000206: hibernate.properties not found
2019-06-04 16:40:00.239  INFO TanjaS --- [           main] o.h.a.c.Version                          : HCANN000001: Hibernate Commons Annotations {5.0.4.Final}
2019-06-04 16:40:01.507  INFO TanjaS --- [           main] c.z.h.HikariDataSource                   : HikariPool-1 - Starting...
2019-06-04 16:40:02.516 ERROR TanjaS --- [           main] c.z.h.p.HikariPool                       : HikariPool-1 - Exception during pool initialization.
java.sql.SQLNonTransientConnectionException: Public Key Retrieval is not allowed
	at com.mysql.cj.jdbc.exceptions.SQLError.createSQLException(SQLError.java:110)
	at com.mysql.cj.jdbc.exceptions.SQLError.createSQLException(SQLError.java:97)
	at com.mysql.cj.jdbc.exceptions.SQLExceptionsMapping.translateException(SQLExceptionsMapping.java:122)
	at com.mysql.cj.jdbc.ConnectionImpl.createNewIO(ConnectionImpl.java:835)
	at com.mysql.cj.jdbc.ConnectionImpl.<init>(ConnectionImpl.java:455)
	at com.mysql.cj.jdbc.ConnectionImpl.getInstance(ConnectionImpl.java:240)
	at com.mysql.cj.jdbc.NonRegisteringDriver.connect(NonRegisteringDriver.java:207)
	at com.zaxxer.hikari.util.DriverDataSource.getConnection(DriverDataSource.java:136)
	at com.zaxxer.hikari.pool.PoolBase.newConnection(PoolBase.java:369)
	at com.zaxxer.hikari.pool.PoolBase.newPoolEntry(PoolBase.java:198)
	at com.zaxxer.hikari.pool.HikariPool.createPoolEntry(HikariPool.java:467)
	at com.zaxxer.hikari.pool.HikariPool.checkFailFast(HikariPool.java:541)
	at com.zaxxer.hikari.pool.HikariPool.<init>(HikariPool.java:115)
	at com.zaxxer.hikari.HikariDataSource.getConnection(HikariDataSource.java:112)
	at org.hibernate.engine.jdbc.connections.internal.DatasourceConnectionProviderImpl.getConnection(DatasourceConnectionProviderImpl.java:122)
	at org.hibernate.engine.jdbc.env.internal.JdbcEnvironmentInitiator$ConnectionProviderJdbcConnectionAccess.obtainConnection(JdbcEnvironmentInitiator.java:180)
	at org.hibernate.engine.jdbc.env.internal.JdbcEnvironmentInitiator.initiateService(JdbcEnvironmentInitiator.java:68)
	at org.hibernate.engine.jdbc.env.internal.JdbcEnvironmentInitiator.initiateService(JdbcEnvironmentInitiator.java:35)
	at org.hibernate.boot.registry.internal.StandardServiceRegistryImpl.initiateService(StandardServiceRegistryImpl.java:94)
	at org.hibernate.service.internal.AbstractServiceRegistryImpl.createService(AbstractServiceRegistryImpl.java:263)
	at org.hibernate.service.internal.AbstractServiceRegistryImpl.initializeService(AbstractServiceRegistryImpl.java:237)
	at org.hibernate.service.internal.AbstractServiceRegistryImpl.getService(AbstractServiceRegistryImpl.java:214)
	at org.hibernate.id.factory.internal.DefaultIdentifierGeneratorFactory.injectServices(DefaultIdentifierGeneratorFactory.java:152)
	at org.hibernate.service.internal.AbstractServiceRegistryImpl.injectDependencies(AbstractServiceRegistryImpl.java:286)
	at org.hibernate.service.internal.AbstractServiceRegistryImpl.initializeService(AbstractServiceRegistryImpl.java:243)
	at org.hibernate.service.internal.AbstractServiceRegistryImpl.getService(AbstractServiceRegistryImpl.java:214)
	at org.hibernate.boot.internal.InFlightMetadataCollectorImpl.<init>(InFlightMetadataCollectorImpl.java:179)
	at org.hibernate.boot.model.process.spi.MetadataBuildingProcess.complete(MetadataBuildingProcess.java:119)
	at org.hibernate.jpa.boot.internal.EntityManagerFactoryBuilderImpl.metadata(EntityManagerFactoryBuilderImpl.java:904)
	at org.hibernate.jpa.boot.internal.EntityManagerFactoryBuilderImpl.build(EntityManagerFactoryBuilderImpl.java:935)
	at org.springframework.orm.jpa.vendor.SpringHibernateJpaPersistenceProvider.createContainerEntityManagerFactory(SpringHibernateJpaPersistenceProvider.java:57)
	at org.springframework.orm.jpa.LocalContainerEntityManagerFactoryBean.createNativeEntityManagerFactory(LocalContainerEntityManagerFactoryBean.java:365)
	at org.springframework.orm.jpa.AbstractEntityManagerFactoryBean.buildNativeEntityManagerFactory(AbstractEntityManagerFactoryBean.java:390)
	at org.springframework.orm.jpa.AbstractEntityManagerFactoryBean.afterPropertiesSet(AbstractEntityManagerFactoryBean.java:377)
	at org.springframework.orm.jpa.LocalContainerEntityManagerFactoryBean.afterPropertiesSet(LocalContainerEntityManagerFactoryBean.java:341)
	at org.springframework.beans.factory.support.AbstractAutowireCapableBeanFactory.invokeInitMethods(AbstractAutowireCapableBeanFactory.java:1821)
	at org.springframework.beans.factory.support.AbstractAutowireCapableBeanFactory.initializeBean(AbstractAutowireCapableBeanFactory.java:1758)
	at org.springframework.beans.factory.support.AbstractAutowireCapableBeanFactory.doCreateBean(AbstractAutowireCapableBeanFactory.java:593)
	at org.springframework.beans.factory.support.AbstractAutowireCapableBeanFactory.createBean(AbstractAutowireCapableBeanFactory.java:515)
	at org.springframework.beans.factory.support.AbstractBeanFactory.lambda$doGetBean$0(AbstractBeanFactory.java:320)
	at org.springframework.beans.factory.support.DefaultSingletonBeanRegistry.getSingleton(DefaultSingletonBeanRegistry.java:222)
	at org.springframework.beans.factory.support.AbstractBeanFactory.doGetBean(AbstractBeanFactory.java:318)
	at org.springframework.beans.factory.support.AbstractBeanFactory.getBean(AbstractBeanFactory.java:199)
	at org.springframework.context.support.AbstractApplicationContext.getBean(AbstractApplicationContext.java:1105)
	at org.springframework.context.support.AbstractApplicationContext.finishBeanFactoryInitialization(AbstractApplicationContext.java:867)
	at org.springframework.context.support.AbstractApplicationContext.refresh(AbstractApplicationContext.java:549)
	at org.springframework.boot.web.servlet.context.ServletWebServerApplicationContext.refresh(ServletWebServerApplicationContext.java:142)
	at org.springframework.boot.SpringApplication.refresh(SpringApplication.java:775)
	at org.springframework.boot.SpringApplication.refreshContext(SpringApplication.java:397)
	at org.springframework.boot.SpringApplication.run(SpringApplication.java:316)
	at org.springframework.boot.SpringApplication.run(SpringApplication.java:1260)
	at org.springframework.boot.SpringApplication.run(SpringApplication.java:1248)
	at project.besp.MegaTravel.MegaTravelApplication.main(MegaTravelApplication.java:17)
2019-06-04 16:40:02.529  WARN TanjaS --- [           main] o.h.e.j.e.i.JdbcEnvironmentInitiator     : HHH000342: Could not obtain connection to query metadata : Public Key Retrieval is not allowed
2019-06-04 16:40:02.599  INFO TanjaS --- [           main] o.h.d.Dialect                            : HHH000400: Using dialect: org.hibernate.dialect.MySQL5Dialect
2019-06-04 16:40:02.891  INFO TanjaS --- [           main] o.h.e.j.e.i.LobCreatorBuilderImpl        : HHH000422: Disabling contextual LOB creation as connection was null
2019-06-04 16:40:07.649  INFO TanjaS --- [           main] c.z.h.HikariDataSource                   : HikariPool-1 - Starting...
2019-06-04 16:40:08.656 ERROR TanjaS --- [           main] c.z.h.p.HikariPool                       : HikariPool-1 - Exception during pool initialization.
java.sql.SQLNonTransientConnectionException: Public Key Retrieval is not allowed
	at com.mysql.cj.jdbc.exceptions.SQLError.createSQLException(SQLError.java:110)
	at com.mysql.cj.jdbc.exceptions.SQLError.createSQLException(SQLError.java:97)
	at com.mysql.cj.jdbc.exceptions.SQLExceptionsMapping.translateException(SQLExceptionsMapping.java:122)
	at com.mysql.cj.jdbc.ConnectionImpl.createNewIO(ConnectionImpl.java:835)
	at com.mysql.cj.jdbc.ConnectionImpl.<init>(ConnectionImpl.java:455)
	at com.mysql.cj.jdbc.ConnectionImpl.getInstance(ConnectionImpl.java:240)
	at com.mysql.cj.jdbc.NonRegisteringDriver.connect(NonRegisteringDriver.java:207)
	at com.zaxxer.hikari.util.DriverDataSource.getConnection(DriverDataSource.java:136)
	at com.zaxxer.hikari.pool.PoolBase.newConnection(PoolBase.java:369)
	at com.zaxxer.hikari.pool.PoolBase.newPoolEntry(PoolBase.java:198)
	at com.zaxxer.hikari.pool.HikariPool.createPoolEntry(HikariPool.java:467)
	at com.zaxxer.hikari.pool.HikariPool.checkFailFast(HikariPool.java:541)
	at com.zaxxer.hikari.pool.HikariPool.<init>(HikariPool.java:115)
	at com.zaxxer.hikari.HikariDataSource.getConnection(HikariDataSource.java:112)
	at org.hibernate.engine.jdbc.connections.internal.DatasourceConnectionProviderImpl.getConnection(DatasourceConnectionProviderImpl.java:122)
	at org.hibernate.engine.jdbc.env.internal.JdbcEnvironmentInitiator$ConnectionProviderJdbcConnectionAccess.obtainConnection(JdbcEnvironmentInitiator.java:180)
	at org.hibernate.resource.transaction.backend.jdbc.internal.DdlTransactionIsolatorNonJtaImpl.getIsolatedConnection(DdlTransactionIsolatorNonJtaImpl.java:43)
	at org.hibernate.tool.schema.internal.exec.GenerationTargetToDatabase.jdbcStatement(GenerationTargetToDatabase.java:77)
	at org.hibernate.tool.schema.internal.exec.GenerationTargetToDatabase.accept(GenerationTargetToDatabase.java:53)
	at org.hibernate.tool.schema.internal.SchemaDropperImpl.applySqlString(SchemaDropperImpl.java:375)
	at org.hibernate.tool.schema.internal.SchemaDropperImpl.applySqlStrings(SchemaDropperImpl.java:359)
	at org.hibernate.tool.schema.internal.SchemaDropperImpl.dropFromMetadata(SchemaDropperImpl.java:241)
	at org.hibernate.tool.schema.internal.SchemaDropperImpl.performDrop(SchemaDropperImpl.java:154)
	at org.hibernate.tool.schema.internal.SchemaDropperImpl.doDrop(SchemaDropperImpl.java:126)
	at org.hibernate.tool.schema.internal.SchemaDropperImpl.doDrop(SchemaDropperImpl.java:112)
	at org.hibernate.tool.schema.spi.SchemaManagementToolCoordinator.performDatabaseAction(SchemaManagementToolCoordinator.java:144)
	at org.hibernate.tool.schema.spi.SchemaManagementToolCoordinator.process(SchemaManagementToolCoordinator.java:72)
	at org.hibernate.internal.SessionFactoryImpl.<init>(SessionFactoryImpl.java:310)
	at org.hibernate.boot.internal.SessionFactoryBuilderImpl.build(SessionFactoryBuilderImpl.java:467)
	at org.hibernate.jpa.boot.internal.EntityManagerFactoryBuilderImpl.build(EntityManagerFactoryBuilderImpl.java:939)
	at org.springframework.orm.jpa.vendor.SpringHibernateJpaPersistenceProvider.createContainerEntityManagerFactory(SpringHibernateJpaPersistenceProvider.java:57)
	at org.springframework.orm.jpa.LocalContainerEntityManagerFactoryBean.createNativeEntityManagerFactory(LocalContainerEntityManagerFactoryBean.java:365)
	at org.springframework.orm.jpa.AbstractEntityManagerFactoryBean.buildNativeEntityManagerFactory(AbstractEntityManagerFactoryBean.java:390)
	at org.springframework.orm.jpa.AbstractEntityManagerFactoryBean.afterPropertiesSet(AbstractEntityManagerFactoryBean.java:377)
	at org.springframework.orm.jpa.LocalContainerEntityManagerFactoryBean.afterPropertiesSet(LocalContainerEntityManagerFactoryBean.java:341)
	at org.springframework.beans.factory.support.AbstractAutowireCapableBeanFactory.invokeInitMethods(AbstractAutowireCapableBeanFactory.java:1821)
	at org.springframework.beans.factory.support.AbstractAutowireCapableBeanFactory.initializeBean(AbstractAutowireCapableBeanFactory.java:1758)
	at org.springframework.beans.factory.support.AbstractAutowireCapableBeanFactory.doCreateBean(AbstractAutowireCapableBeanFactory.java:593)
	at org.springframework.beans.factory.support.AbstractAutowireCapableBeanFactory.createBean(AbstractAutowireCapableBeanFactory.java:515)
	at org.springframework.beans.factory.support.AbstractBeanFactory.lambda$doGetBean$0(AbstractBeanFactory.java:320)
	at org.springframework.beans.factory.support.DefaultSingletonBeanRegistry.getSingleton(DefaultSingletonBeanRegistry.java:222)
	at org.springframework.beans.factory.support.AbstractBeanFactory.doGetBean(AbstractBeanFactory.java:318)
	at org.springframework.beans.factory.support.AbstractBeanFactory.getBean(AbstractBeanFactory.java:199)
	at org.springframework.context.support.AbstractApplicationContext.getBean(AbstractApplicationContext.java:1105)
	at org.springframework.context.support.AbstractApplicationContext.finishBeanFactoryInitialization(AbstractApplicationContext.java:867)
	at org.springframework.context.support.AbstractApplicationContext.refresh(AbstractApplicationContext.java:549)
	at org.springframework.boot.web.servlet.context.ServletWebServerApplicationContext.refresh(ServletWebServerApplicationContext.java:142)
	at org.springframework.boot.SpringApplication.refresh(SpringApplication.java:775)
	at org.springframework.boot.SpringApplication.refreshContext(SpringApplication.java:397)
	at org.springframework.boot.SpringApplication.run(SpringApplication.java:316)
	at org.springframework.boot.SpringApplication.run(SpringApplication.java:1260)
	at org.springframework.boot.SpringApplication.run(SpringApplication.java:1248)
	at project.besp.MegaTravel.MegaTravelApplication.main(MegaTravelApplication.java:17)
2019-06-04 16:40:08.660  WARN TanjaS --- [           main] o.h.e.j.s.SqlExceptionHelper             : SQL Error: 0, SQLState: 08001
2019-06-04 16:40:08.660 ERROR TanjaS --- [           main] o.h.e.j.s.SqlExceptionHelper             : Public Key Retrieval is not allowed
2019-06-04 16:40:08.678  WARN TanjaS --- [           main] ConfigServletWebServerApplicationContext : Exception encountered during context initialization - cancelling refresh attempt: org.springframework.beans.factory.BeanCreationException: Error creating bean with name 'entityManagerFactory' defined in class path resource [org/springframework/boot/autoconfigure/orm/jpa/HibernateJpaConfiguration.class]: Invocation of init method failed; nested exception is javax.persistence.PersistenceException: [PersistenceUnit: default] Unable to build Hibernate SessionFactory; nested exception is org.hibernate.exception.JDBCConnectionException: Unable to open JDBC Connection for DDL execution
2019-06-04 16:40:08.707  INFO TanjaS --- [           main] o.a.c.c.StandardService                  : Stopping service [Tomcat]
2019-06-04 16:40:08.869  INFO TanjaS --- [           main] ConditionEvaluationReportLoggingListener : 

Error starting ApplicationContext. To display the conditions report re-run your application with 'debug' enabled.
2019-06-04 16:40:08.900 ERROR TanjaS --- [           main] o.s.b.SpringApplication                  : Application run failed
org.springframework.beans.factory.BeanCreationException: Error creating bean with name 'entityManagerFactory' defined in class path resource [org/springframework/boot/autoconfigure/orm/jpa/HibernateJpaConfiguration.class]: Invocation of init method failed; nested exception is javax.persistence.PersistenceException: [PersistenceUnit: default] Unable to build Hibernate SessionFactory; nested exception is org.hibernate.exception.JDBCConnectionException: Unable to open JDBC Connection for DDL execution
	at org.springframework.beans.factory.support.AbstractAutowireCapableBeanFactory.initializeBean(AbstractAutowireCapableBeanFactory.java:1762)
	at org.springframework.beans.factory.support.AbstractAutowireCapableBeanFactory.doCreateBean(AbstractAutowireCapableBeanFactory.java:593)
	at org.springframework.beans.factory.support.AbstractAutowireCapableBeanFactory.createBean(AbstractAutowireCapableBeanFactory.java:515)
	at org.springframework.beans.factory.support.AbstractBeanFactory.lambda$doGetBean$0(AbstractBeanFactory.java:320)
	at org.springframework.beans.factory.support.DefaultSingletonBeanRegistry.getSingleton(DefaultSingletonBeanRegistry.java:222)
	at org.springframework.beans.factory.support.AbstractBeanFactory.doGetBean(AbstractBeanFactory.java:318)
	at org.springframework.beans.factory.support.AbstractBeanFactory.getBean(AbstractBeanFactory.java:199)
	at org.springframework.context.support.AbstractApplicationContext.getBean(AbstractApplicationContext.java:1105)
	at org.springframework.context.support.AbstractApplicationContext.finishBeanFactoryInitialization(AbstractApplicationContext.java:867)
	at org.springframework.context.support.AbstractApplicationContext.refresh(AbstractApplicationContext.java:549)
	at org.springframework.boot.web.servlet.context.ServletWebServerApplicationContext.refresh(ServletWebServerApplicationContext.java:142)
	at org.springframework.boot.SpringApplication.refresh(SpringApplication.java:775)
	at org.springframework.boot.SpringApplication.refreshContext(SpringApplication.java:397)
	at org.springframework.boot.SpringApplication.run(SpringApplication.java:316)
	at org.springframework.boot.SpringApplication.run(SpringApplication.java:1260)
	at org.springframework.boot.SpringApplication.run(SpringApplication.java:1248)
	at project.besp.MegaTravel.MegaTravelApplication.main(MegaTravelApplication.java:17)
Caused by: javax.persistence.PersistenceException: [PersistenceUnit: default] Unable to build Hibernate SessionFactory; nested exception is org.hibernate.exception.JDBCConnectionException: Unable to open JDBC Connection for DDL execution
	at org.springframework.orm.jpa.AbstractEntityManagerFactoryBean.buildNativeEntityManagerFactory(AbstractEntityManagerFactoryBean.java:402)
	at org.springframework.orm.jpa.AbstractEntityManagerFactoryBean.afterPropertiesSet(AbstractEntityManagerFactoryBean.java:377)
	at org.springframework.orm.jpa.LocalContainerEntityManagerFactoryBean.afterPropertiesSet(LocalContainerEntityManagerFactoryBean.java:341)
	at org.springframework.beans.factory.support.AbstractAutowireCapableBeanFactory.invokeInitMethods(AbstractAutowireCapableBeanFactory.java:1821)
	at org.springframework.beans.factory.support.AbstractAutowireCapableBeanFactory.initializeBean(AbstractAutowireCapableBeanFactory.java:1758)
	... 16 more
Caused by: org.hibernate.exception.JDBCConnectionException: Unable to open JDBC Connection for DDL execution
	at org.hibernate.exception.internal.SQLExceptionTypeDelegate.convert(SQLExceptionTypeDelegate.java:48)
	at org.hibernate.exception.internal.StandardSQLExceptionConverter.convert(StandardSQLExceptionConverter.java:42)
	at org.hibernate.engine.jdbc.spi.SqlExceptionHelper.convert(SqlExceptionHelper.java:113)
	at org.hibernate.engine.jdbc.spi.SqlExceptionHelper.convert(SqlExceptionHelper.java:99)
	at org.hibernate.resource.transaction.backend.jdbc.internal.DdlTransactionIsolatorNonJtaImpl.getIsolatedConnection(DdlTransactionIsolatorNonJtaImpl.java:69)
	at org.hibernate.tool.schema.internal.exec.GenerationTargetToDatabase.jdbcStatement(GenerationTargetToDatabase.java:77)
	at org.hibernate.tool.schema.internal.exec.GenerationTargetToDatabase.accept(GenerationTargetToDatabase.java:53)
	at org.hibernate.tool.schema.internal.SchemaDropperImpl.applySqlString(SchemaDropperImpl.java:375)
	at org.hibernate.tool.schema.internal.SchemaDropperImpl.applySqlStrings(SchemaDropperImpl.java:359)
	at org.hibernate.tool.schema.internal.SchemaDropperImpl.dropFromMetadata(SchemaDropperImpl.java:241)
	at org.hibernate.tool.schema.internal.SchemaDropperImpl.performDrop(SchemaDropperImpl.java:154)
	at org.hibernate.tool.schema.internal.SchemaDropperImpl.doDrop(SchemaDropperImpl.java:126)
	at org.hibernate.tool.schema.internal.SchemaDropperImpl.doDrop(SchemaDropperImpl.java:112)
	at org.hibernate.tool.schema.spi.SchemaManagementToolCoordinator.performDatabaseAction(SchemaManagementToolCoordinator.java:144)
	at org.hibernate.tool.schema.spi.SchemaManagementToolCoordinator.process(SchemaManagementToolCoordinator.java:72)
	at org.hibernate.internal.SessionFactoryImpl.<init>(SessionFactoryImpl.java:310)
	at org.hibernate.boot.internal.SessionFactoryBuilderImpl.build(SessionFactoryBuilderImpl.java:467)
	at org.hibernate.jpa.boot.internal.EntityManagerFactoryBuilderImpl.build(EntityManagerFactoryBuilderImpl.java:939)
	at org.springframework.orm.jpa.vendor.SpringHibernateJpaPersistenceProvider.createContainerEntityManagerFactory(SpringHibernateJpaPersistenceProvider.java:57)
	at org.springframework.orm.jpa.LocalContainerEntityManagerFactoryBean.createNativeEntityManagerFactory(LocalContainerEntityManagerFactoryBean.java:365)
	at org.springframework.orm.jpa.AbstractEntityManagerFactoryBean.buildNativeEntityManagerFactory(AbstractEntityManagerFactoryBean.java:390)
	... 20 more
Caused by: java.sql.SQLNonTransientConnectionException: Public Key Retrieval is not allowed
	at com.mysql.cj.jdbc.exceptions.SQLError.createSQLException(SQLError.java:110)
	at com.mysql.cj.jdbc.exceptions.SQLError.createSQLException(SQLError.java:97)
	at com.mysql.cj.jdbc.exceptions.SQLExceptionsMapping.translateException(SQLExceptionsMapping.java:122)
	at com.mysql.cj.jdbc.ConnectionImpl.createNewIO(ConnectionImpl.java:835)
	at com.mysql.cj.jdbc.ConnectionImpl.<init>(ConnectionImpl.java:455)
	at com.mysql.cj.jdbc.ConnectionImpl.getInstance(ConnectionImpl.java:240)
	at com.mysql.cj.jdbc.NonRegisteringDriver.connect(NonRegisteringDriver.java:207)
	at com.zaxxer.hikari.util.DriverDataSource.getConnection(DriverDataSource.java:136)
	at com.zaxxer.hikari.pool.PoolBase.newConnection(PoolBase.java:369)
	at com.zaxxer.hikari.pool.PoolBase.newPoolEntry(PoolBase.java:198)
	at com.zaxxer.hikari.pool.HikariPool.createPoolEntry(HikariPool.java:467)
	at com.zaxxer.hikari.pool.HikariPool.checkFailFast(HikariPool.java:541)
	at com.zaxxer.hikari.pool.HikariPool.<init>(HikariPool.java:115)
	at com.zaxxer.hikari.HikariDataSource.getConnection(HikariDataSource.java:112)
	at org.hibernate.engine.jdbc.connections.internal.DatasourceConnectionProviderImpl.getConnection(DatasourceConnectionProviderImpl.java:122)
	at org.hibernate.engine.jdbc.env.internal.JdbcEnvironmentInitiator$ConnectionProviderJdbcConnectionAccess.obtainConnection(JdbcEnvironmentInitiator.java:180)
	at org.hibernate.resource.transaction.backend.jdbc.internal.DdlTransactionIsolatorNonJtaImpl.getIsolatedConnection(DdlTransactionIsolatorNonJtaImpl.java:43)
	... 36 more
2019-06-04 16:40:40.663  INFO TanjaS --- [           main] p.b.M.MegaTravelApplication              : Starting MegaTravelApplication on TanjaS with PID 9352 (started by Windows 10 in C:\Users\Windows 10\git\BSEP_XML\MegaTravel)
2019-06-04 16:40:40.706  INFO TanjaS --- [           main] p.b.M.MegaTravelApplication              : No active profile set, falling back to default profiles: default
2019-06-04 16:40:49.171  INFO TanjaS --- [           main] .s.d.r.c.RepositoryConfigurationDelegate : Bootstrapping Spring Data repositories in DEFAULT mode.
2019-06-04 16:40:49.755  INFO TanjaS --- [           main] .s.d.r.c.RepositoryConfigurationDelegate : Finished Spring Data repository scanning in 553ms. Found 6 repository interfaces.
2019-06-04 16:40:52.191  INFO TanjaS --- [           main] trationDelegate$BeanPostProcessorChecker : Bean 'org.springframework.amqp.rabbit.annotation.RabbitBootstrapConfiguration' of type [org.springframework.amqp.rabbit.annotation.RabbitBootstrapConfiguration$$EnhancerBySpringCGLIB$$38b25660] is not eligible for getting processed by all BeanPostProcessors (for example: not eligible for auto-proxying)
2019-06-04 16:40:52.607  INFO TanjaS --- [           main] trationDelegate$BeanPostProcessorChecker : Bean 'org.springframework.transaction.annotation.ProxyTransactionManagementConfiguration' of type [org.springframework.transaction.annotation.ProxyTransactionManagementConfiguration$$EnhancerBySpringCGLIB$$72469832] is not eligible for getting processed by all BeanPostProcessors (for example: not eligible for auto-proxying)
2019-06-04 16:40:52.842  INFO TanjaS --- [           main] trationDelegate$BeanPostProcessorChecker : Bean 'org.springframework.security.config.annotation.configuration.ObjectPostProcessorConfiguration' of type [org.springframework.security.config.annotation.configuration.ObjectPostProcessorConfiguration$$EnhancerBySpringCGLIB$$af4606c] is not eligible for getting processed by all BeanPostProcessors (for example: not eligible for auto-proxying)
2019-06-04 16:40:52.873  INFO TanjaS --- [           main] trationDelegate$BeanPostProcessorChecker : Bean 'objectPostProcessor' of type [org.springframework.security.config.annotation.configuration.AutowireBeanFactoryObjectPostProcessor] is not eligible for getting processed by all BeanPostProcessors (for example: not eligible for auto-proxying)
2019-06-04 16:40:52.890  INFO TanjaS --- [           main] trationDelegate$BeanPostProcessorChecker : Bean 'org.springframework.security.access.expression.method.DefaultMethodSecurityExpressionHandler@526b2f3e' of type [org.springframework.security.access.expression.method.DefaultMethodSecurityExpressionHandler] is not eligible for getting processed by all BeanPostProcessors (for example: not eligible for auto-proxying)
2019-06-04 16:40:52.906  INFO TanjaS --- [           main] trationDelegate$BeanPostProcessorChecker : Bean 'org.springframework.security.config.annotation.method.configuration.GlobalMethodSecurityConfiguration' of type [org.springframework.security.config.annotation.method.configuration.GlobalMethodSecurityConfiguration$$EnhancerBySpringCGLIB$$2fc9031e] is not eligible for getting processed by all BeanPostProcessors (for example: not eligible for auto-proxying)
2019-06-04 16:40:52.927  INFO TanjaS --- [           main] trationDelegate$BeanPostProcessorChecker : Bean 'methodSecurityMetadataSource' of type [org.springframework.security.access.method.DelegatingMethodSecurityMetadataSource] is not eligible for getting processed by all BeanPostProcessors (for example: not eligible for auto-proxying)
2019-06-04 16:40:53.024  INFO TanjaS --- [           main] trationDelegate$BeanPostProcessorChecker : Bean 'org.springframework.hateoas.config.HateoasConfiguration' of type [org.springframework.hateoas.config.HateoasConfiguration$$EnhancerBySpringCGLIB$$f1c6e564] is not eligible for getting processed by all BeanPostProcessors (for example: not eligible for auto-proxying)
2019-06-04 16:40:56.722  INFO TanjaS --- [           main] o.s.b.w.e.t.TomcatWebServer              : Tomcat initialized with port(s): 8443 (https)
2019-06-04 16:40:56.791  INFO TanjaS --- [           main] o.a.c.h.Http11NioProtocol                : Initializing ProtocolHandler ["https-jsse-nio-8443"]
2019-06-04 16:40:56.873  INFO TanjaS --- [           main] o.a.c.c.StandardService                  : Starting service [Tomcat]
2019-06-04 16:40:56.875  INFO TanjaS --- [           main] o.a.c.c.StandardEngine                   : Starting Servlet engine: [Apache Tomcat/9.0.16]
2019-06-04 16:40:56.952  INFO TanjaS --- [           main] o.a.c.c.AprLifecycleListener             : The APR based Apache Tomcat Native library which allows optimal performance in production environments was not found on the java.library.path: [C:\Program Files\Java\jre1.8.0_191\bin;C:\Windows\Sun\Java\bin;C:\Windows\system32;C:\Windows;C:/Program Files/Java/jre1.8.0_191/bin/server;C:/Program Files/Java/jre1.8.0_191/bin;C:/Program Files/Java/jre1.8.0_191/lib/amd64;C:\ProgramData\Anaconda3;C:\ProgramData\Anaconda3\Library\mingw-w64\bin;C:\ProgramData\Anaconda3\Library\usr\bin;C:\ProgramData\Anaconda3\Library\bin;C:\ProgramData\Anaconda3\Scripts;C:\Program Files (x86)\Common Files\Oracle\Java\javapath;C:\ProgramData\Oracle\Java\javapath;C:\Windows\system32;C:\Windows;C:\Windows\System32\Wbem;C:\Windows\System32\WindowsPowerShell\v1.0\;C:\Windows\System32\OpenSSH\;C:\Program Files\dotnet\;C:\Program Files\Microsoft SQL Server\130\Tools\Binn\;C:\Program Files\Java\jdk1.8.0_191\bin;C:\Program Files\Java\jre1.8.0_191\bin;C:\Program Files\Git\cmd;C:\Program Files\nodejs\;C:\Users\Windows 10\AppData\Local\Microsoft\WindowsApps;;C:\Users\Windows 10\AppData\Local\Programs\Microsoft VS Code\bin;C:\Users\Windows 10\AppData\Roaming\npm;C:\Users\Windows 10\Downloads\eclipse;;.]
2019-06-04 16:40:58.086  INFO TanjaS --- [           main] o.a.c.c.C.[.[.[/]                        : Initializing Spring embedded WebApplicationContext
2019-06-04 16:40:58.087  INFO TanjaS --- [           main] o.s.w.c.ContextLoader                    : Root WebApplicationContext: initialization completed in 16924 ms
2019-06-04 16:41:06.864  INFO TanjaS --- [           main] c.z.h.HikariDataSource                   : HikariPool-1 - Starting...
2019-06-04 16:41:07.618  INFO TanjaS --- [           main] c.z.h.HikariDataSource                   : HikariPool-1 - Start completed.
2019-06-04 16:41:10.980  INFO TanjaS --- [           main] o.h.j.i.u.LogHelper                      : HHH000204: Processing PersistenceUnitInfo [
	name: default
	...]
2019-06-04 16:41:11.401  INFO TanjaS --- [           main] o.h.Version                              : HHH000412: Hibernate Core {5.3.7.Final}
2019-06-04 16:41:11.409  INFO TanjaS --- [           main] o.h.c.Environment                        : HHH000206: hibernate.properties not found
2019-06-04 16:41:12.178  INFO TanjaS --- [           main] o.h.a.c.Version                          : HCANN000001: Hibernate Commons Annotations {5.0.4.Final}
2019-06-04 16:41:13.602  INFO TanjaS --- [           main] o.h.d.Dialect                            : HHH000400: Using dialect: org.hibernate.dialect.MySQL5Dialect
2019-06-04 16:41:20.906  INFO TanjaS --- [           main] o.h.t.s.i.SchemaCreatorImpl              : HHH000476: Executing import script 'org.hibernate.tool.schema.internal.exec.ScriptSourceInputNonExistentImpl@1450ffa3'
2019-06-04 16:41:20.919  INFO TanjaS --- [           main] j.LocalContainerEntityManagerFactoryBean : Initialized JPA EntityManagerFactory for persistence unit 'default'
2019-06-04 16:41:21.442  INFO TanjaS --- [           main] j.l.Class                                : Info log
2019-06-04 16:41:21.442  WARN TanjaS --- [           main] j.l.Class                                : Hey, This is a warning!
2019-06-04 16:41:21.443 ERROR TanjaS --- [           main] j.l.Class                                : Oops! We have an Error. OK
2019-06-04 16:41:21.443 FATAL TanjaS --- [           main] j.l.Class                                : Damn! Fatal error. Please fix me.
2019-06-04 16:41:25.441  INFO TanjaS --- [           main] j.l.Class                                : Info log
2019-06-04 16:41:25.442  WARN TanjaS --- [           main] j.l.Class                                : Hey, This is a warning!
2019-06-04 16:41:25.445 ERROR TanjaS --- [           main] j.l.Class                                : Oops! We have an Error. OK
2019-06-04 16:41:25.445 FATAL TanjaS --- [           main] j.l.Class                                : Damn! Fatal error. Please fix me.
2019-06-04 16:41:29.727  INFO TanjaS --- [           main] j.l.Class                                : Info log
2019-06-04 16:41:29.729  WARN TanjaS --- [           main] j.l.Class                                : Hey, This is a warning!
2019-06-04 16:41:29.730 ERROR TanjaS --- [           main] j.l.Class                                : Oops! We have an Error. OK
2019-06-04 16:41:29.730 FATAL TanjaS --- [           main] j.l.Class                                : Damn! Fatal error. Please fix me.
2019-06-04 16:41:31.334  INFO TanjaS --- [           main] o.s.s.w.DefaultSecurityFilterChain       : Creating filter chain: Ant [pattern='/user/login', POST], []
2019-06-04 16:41:31.335  INFO TanjaS --- [           main] o.s.s.w.DefaultSecurityFilterChain       : Creating filter chain: Ant [pattern='/user/registration', POST], []
2019-06-04 16:41:31.335  INFO TanjaS --- [           main] o.s.s.w.DefaultSecurityFilterChain       : Creating filter chain: Ant [pattern='/', GET], []
2019-06-04 16:41:31.336  INFO TanjaS --- [           main] o.s.s.w.DefaultSecurityFilterChain       : Creating filter chain: Ant [pattern='/webjars/**', GET], []
2019-06-04 16:41:31.336  INFO TanjaS --- [           main] o.s.s.w.DefaultSecurityFilterChain       : Creating filter chain: Ant [pattern='/*.html', GET], []
2019-06-04 16:41:31.337  INFO TanjaS --- [           main] o.s.s.w.DefaultSecurityFilterChain       : Creating filter chain: Ant [pattern='/favicon.ico', GET], []
2019-06-04 16:41:31.337  INFO TanjaS --- [           main] o.s.s.w.DefaultSecurityFilterChain       : Creating filter chain: Ant [pattern='/**/*.html', GET], []
2019-06-04 16:41:31.338  INFO TanjaS --- [           main] o.s.s.w.DefaultSecurityFilterChain       : Creating filter chain: Ant [pattern='/**/*.css', GET], []
2019-06-04 16:41:31.338  INFO TanjaS --- [           main] o.s.s.w.DefaultSecurityFilterChain       : Creating filter chain: Ant [pattern='/**/*.js', GET], []
2019-06-04 16:41:31.751  INFO TanjaS --- [           main] o.s.s.w.DefaultSecurityFilterChain       : Creating filter chain: any request, [org.springframework.security.web.context.request.async.WebAsyncManagerIntegrationFilter@66589252, org.springframework.security.web.context.SecurityContextPersistenceFilter@2ff62720, org.springframework.security.web.header.HeaderWriterFilter@4452e13c, org.springframework.security.web.authentication.logout.LogoutFilter@68a94e58, project.besp.MegaTravel.config.TokenAuthenticationFilter@66a8ff6d, org.springframework.security.web.savedrequest.RequestCacheAwareFilter@42c9b1ee, org.springframework.security.web.servletapi.SecurityContextHolderAwareRequestFilter@4e31b64d, org.springframework.security.web.authentication.AnonymousAuthenticationFilter@1abbc1d4, org.springframework.security.web.session.SessionManagementFilter@1eee9b78, org.springframework.security.web.access.ExceptionTranslationFilter@53d2f0ec, org.springframework.security.web.access.intercept.FilterSecurityInterceptor@79bf39e5]
2019-06-04 16:41:32.753  INFO TanjaS --- [           main] o.s.s.c.ThreadPoolTaskExecutor           : Initializing ExecutorService 'applicationTaskExecutor'
2019-06-04 16:41:32.966  WARN TanjaS --- [           main] aWebConfiguration$JpaWebMvcConfiguration : spring.jpa.open-in-view is enabled by default. Therefore, database queries may be performed during view rendering. Explicitly configure spring.jpa.open-in-view to disable this warning
2019-06-04 16:41:33.619  INFO TanjaS --- [           main] o.s.b.a.w.s.WelcomePageHandlerMapping    : Adding welcome page: class path resource [static/index.html]
2019-06-04 16:41:38.093  INFO TanjaS --- [           main] o.s.b.a.e.w.EndpointLinksResolver        : Exposing 2 endpoint(s) beneath base path '/actuator'
2019-06-04 16:41:38.888  INFO TanjaS --- [           main] o.a.c.h.Http11NioProtocol                : Starting ProtocolHandler ["https-jsse-nio-8443"]
2019-06-04 16:41:40.338  INFO TanjaS --- [           main] o.s.b.w.e.t.TomcatWebServer              : Tomcat started on port(s): 8443 (https) with context path ''
2019-06-04 16:41:40.348  INFO TanjaS --- [           main] p.b.M.MegaTravelApplication              : Started MegaTravelApplication in 61.561 seconds (JVM running for 69.975)
2019-06-04 16:41:53.811  INFO TanjaS --- [nio-8443-exec-4] o.a.c.c.C.[.[.[/]                        : Initializing Spring DispatcherServlet 'dispatcherServlet'
2019-06-04 16:41:53.812  INFO TanjaS --- [nio-8443-exec-4] o.s.w.s.DispatcherServlet                : Initializing Servlet 'dispatcherServlet'
2019-06-04 16:41:53.920  INFO TanjaS --- [nio-8443-exec-4] o.s.w.s.DispatcherServlet                : Completed initialization in 108 ms
2019-06-04 16:43:00.237  INFO TanjaS --- [on(2)-127.0.0.1] inMXBeanRegistrar$SpringApplicationAdmin : Application shutdown requested.
2019-06-04 16:43:00.256  INFO TanjaS --- [on(2)-127.0.0.1] o.s.s.c.ThreadPoolTaskExecutor           : Shutting down ExecutorService 'applicationTaskExecutor'
2019-06-04 16:43:00.272  INFO TanjaS --- [on(2)-127.0.0.1] j.LocalContainerEntityManagerFactoryBean : Closing JPA EntityManagerFactory for persistence unit 'default'
2019-06-04 16:43:00.272  INFO TanjaS --- [on(2)-127.0.0.1] .SchemaDropperImpl$DelayedDropActionImpl : HHH000477: Starting delayed evictData of schema as part of SessionFactory shut-down'
2019-06-04 16:43:00.755  INFO TanjaS --- [on(2)-127.0.0.1] c.z.h.HikariDataSource                   : HikariPool-1 - Shutdown initiated...
2019-06-04 16:43:00.786  INFO TanjaS --- [on(2)-127.0.0.1] c.z.h.HikariDataSource                   : HikariPool-1 - Shutdown completed.
2019-06-04 16:54:02.398  INFO TanjaS --- [           main] .b.t.c.SpringBootTestContextBootstrapper : Neither @ContextConfiguration nor @ContextHierarchy found for test class [project.besp.MegaTravel.MegaTravelApplicationTests], using SpringBootContextLoader
2019-06-04 16:54:02.449  INFO TanjaS --- [           main] o.s.t.c.s.AbstractContextLoader          : Could not detect default resource locations for test class [project.besp.MegaTravel.MegaTravelApplicationTests]: no resource found for suffixes {-context.xml, Context.groovy}.
2019-06-04 16:54:02.457  INFO TanjaS --- [           main] t.c.s.AnnotationConfigContextLoaderUtils : Could not detect default configuration classes for test class [project.besp.MegaTravel.MegaTravelApplicationTests]: MegaTravelApplicationTests does not declare any static, non-private, non-final, nested classes annotated with @Configuration.
2019-06-04 16:54:03.116  INFO TanjaS --- [           main] .b.t.c.SpringBootTestContextBootstrapper : Found @SpringBootConfiguration project.besp.MegaTravel.MegaTravelApplication for test class project.besp.MegaTravel.MegaTravelApplicationTests
2019-06-04 16:54:03.924  INFO TanjaS --- [           main] .b.t.c.SpringBootTestContextBootstrapper : Loaded default TestExecutionListener class names from location [META-INF/spring.factories]: [org.springframework.security.test.context.support.WithSecurityContextTestExecutionListener, org.springframework.security.test.context.support.ReactorContextTestExecutionListener, org.springframework.test.context.web.ServletTestExecutionListener, org.springframework.test.context.support.DirtiesContextBeforeModesTestExecutionListener, org.springframework.test.context.support.DependencyInjectionTestExecutionListener, org.springframework.test.context.support.DirtiesContextTestExecutionListener, org.springframework.test.context.transaction.TransactionalTestExecutionListener, org.springframework.test.context.jdbc.SqlScriptsTestExecutionListener, org.springframework.boot.test.mock.mockito.MockitoTestExecutionListener, org.springframework.boot.test.mock.mockito.ResetMocksTestExecutionListener, org.springframework.boot.test.autoconfigure.restdocs.RestDocsTestExecutionListener, org.springframework.boot.test.autoconfigure.web.client.MockRestServiceServerResetTestExecutionListener, org.springframework.boot.test.autoconfigure.web.servlet.MockMvcPrintOnlyOnFailureTestExecutionListener, org.springframework.boot.test.autoconfigure.web.servlet.WebDriverTestExecutionListener]
2019-06-04 16:54:04.086  INFO TanjaS --- [           main] .b.t.c.SpringBootTestContextBootstrapper : Using TestExecutionListeners: [org.springframework.test.context.web.ServletTestExecutionListener@3899782c, org.springframework.test.context.support.DirtiesContextBeforeModesTestExecutionListener@1603cd68, org.springframework.boot.test.mock.mockito.MockitoTestExecutionListener@9ebe38b, org.springframework.boot.test.autoconfigure.SpringBootDependencyInjectionTestExecutionListener@4b23c30a, org.springframework.test.context.support.DirtiesContextTestExecutionListener@38089a5a, org.springframework.test.context.transaction.TransactionalTestExecutionListener@30e868be, org.springframework.test.context.jdbc.SqlScriptsTestExecutionListener@66c92293, org.springframework.security.test.context.support.WithSecurityContextTestExecutionListener@332796d3, org.springframework.security.test.context.support.ReactorContextTestExecutionListener@4f0100a7, org.springframework.boot.test.mock.mockito.ResetMocksTestExecutionListener@3cdf2c61, org.springframework.boot.test.autoconfigure.restdocs.RestDocsTestExecutionListener@13ad5cd3, org.springframework.boot.test.autoconfigure.web.client.MockRestServiceServerResetTestExecutionListener@1c33c17b, org.springframework.boot.test.autoconfigure.web.servlet.MockMvcPrintOnlyOnFailureTestExecutionListener@5bf0fe62, org.springframework.boot.test.autoconfigure.web.servlet.WebDriverTestExecutionListener@1e097d59]
2019-06-04 16:54:06.507  INFO TanjaS --- [           main] p.b.M.MegaTravelApplicationTests         : Starting MegaTravelApplicationTests on TanjaS with PID 708 (started by Windows 10 in C:\Users\Windows 10\git\BSEP_XML\MegaTravel)
2019-06-04 16:54:06.511  INFO TanjaS --- [           main] p.b.M.MegaTravelApplicationTests         : No active profile set, falling back to default profiles: default
2019-06-04 16:54:16.347  INFO TanjaS --- [           main] .s.d.r.c.RepositoryConfigurationDelegate : Bootstrapping Spring Data repositories in DEFAULT mode.
2019-06-04 16:54:17.195  INFO TanjaS --- [           main] .s.d.r.c.RepositoryConfigurationDelegate : Finished Spring Data repository scanning in 818ms. Found 6 repository interfaces.
2019-06-04 16:54:25.419  INFO TanjaS --- [           main] trationDelegate$BeanPostProcessorChecker : Bean 'org.springframework.amqp.rabbit.annotation.RabbitBootstrapConfiguration' of type [org.springframework.amqp.rabbit.annotation.RabbitBootstrapConfiguration$$EnhancerBySpringCGLIB$$8329d50e] is not eligible for getting processed by all BeanPostProcessors (for example: not eligible for auto-proxying)
2019-06-04 16:54:25.969  INFO TanjaS --- [           main] trationDelegate$BeanPostProcessorChecker : Bean 'org.springframework.transaction.annotation.ProxyTransactionManagementConfiguration' of type [org.springframework.transaction.annotation.ProxyTransactionManagementConfiguration$$EnhancerBySpringCGLIB$$bcbe16e0] is not eligible for getting processed by all BeanPostProcessors (for example: not eligible for auto-proxying)
2019-06-04 16:54:28.214  INFO TanjaS --- [           main] trationDelegate$BeanPostProcessorChecker : Bean 'org.springframework.security.config.annotation.configuration.ObjectPostProcessorConfiguration' of type [org.springframework.security.config.annotation.configuration.ObjectPostProcessorConfiguration$$EnhancerBySpringCGLIB$$556bdf1a] is not eligible for getting processed by all BeanPostProcessors (for example: not eligible for auto-proxying)
2019-06-04 16:54:28.267  INFO TanjaS --- [           main] trationDelegate$BeanPostProcessorChecker : Bean 'objectPostProcessor' of type [org.springframework.security.config.annotation.configuration.AutowireBeanFactoryObjectPostProcessor] is not eligible for getting processed by all BeanPostProcessors (for example: not eligible for auto-proxying)
2019-06-04 16:54:28.314  INFO TanjaS --- [           main] trationDelegate$BeanPostProcessorChecker : Bean 'org.springframework.security.access.expression.method.DefaultMethodSecurityExpressionHandler@420cd102' of type [org.springframework.security.access.expression.method.DefaultMethodSecurityExpressionHandler] is not eligible for getting processed by all BeanPostProcessors (for example: not eligible for auto-proxying)
2019-06-04 16:54:28.439  INFO TanjaS --- [           main] trationDelegate$BeanPostProcessorChecker : Bean 'org.springframework.security.config.annotation.method.configuration.GlobalMethodSecurityConfiguration' of type [org.springframework.security.config.annotation.method.configuration.GlobalMethodSecurityConfiguration$$EnhancerBySpringCGLIB$$7a4081cc] is not eligible for getting processed by all BeanPostProcessors (for example: not eligible for auto-proxying)
2019-06-04 16:54:28.486  INFO TanjaS --- [           main] trationDelegate$BeanPostProcessorChecker : Bean 'methodSecurityMetadataSource' of type [org.springframework.security.access.method.DelegatingMethodSecurityMetadataSource] is not eligible for getting processed by all BeanPostProcessors (for example: not eligible for auto-proxying)
2019-06-04 16:54:28.578  INFO TanjaS --- [           main] trationDelegate$BeanPostProcessorChecker : Bean 'org.springframework.hateoas.config.HateoasConfiguration' of type [org.springframework.hateoas.config.HateoasConfiguration$$EnhancerBySpringCGLIB$$3c3e6412] is not eligible for getting processed by all BeanPostProcessors (for example: not eligible for auto-proxying)
2019-06-04 16:54:30.407  INFO TanjaS --- [           main] c.z.h.HikariDataSource                   : HikariPool-1 - Starting...
2019-06-04 16:54:34.809  INFO TanjaS --- [           main] c.z.h.HikariDataSource                   : HikariPool-1 - Start completed.
2019-06-04 16:54:35.575  INFO TanjaS --- [           main] o.h.j.i.u.LogHelper                      : HHH000204: Processing PersistenceUnitInfo [
	name: default
	...]
2019-06-04 16:54:36.382  INFO TanjaS --- [           main] o.h.Version                              : HHH000412: Hibernate Core {5.3.7.Final}
2019-06-04 16:54:36.400  INFO TanjaS --- [           main] o.h.c.Environment                        : HHH000206: hibernate.properties not found
2019-06-04 16:54:37.298  INFO TanjaS --- [           main] o.h.a.c.Version                          : HCANN000001: Hibernate Commons Annotations {5.0.4.Final}
2019-06-04 16:54:38.441  INFO TanjaS --- [           main] o.h.d.Dialect                            : HHH000400: Using dialect: org.hibernate.dialect.MySQL5Dialect
2019-06-04 16:54:44.750  INFO TanjaS --- [           main] o.h.t.s.i.SchemaCreatorImpl              : HHH000476: Executing import script 'org.hibernate.tool.schema.internal.exec.ScriptSourceInputNonExistentImpl@1feb586d'
2019-06-04 16:54:44.763  INFO TanjaS --- [           main] j.LocalContainerEntityManagerFactoryBean : Initialized JPA EntityManagerFactory for persistence unit 'default'
2019-06-04 16:54:44.954  INFO TanjaS --- [           main] j.l.Class                                : Info log
2019-06-04 16:54:44.954  WARN TanjaS --- [           main] j.l.Class                                : Hey, This is a warning!
2019-06-04 16:54:44.962 ERROR TanjaS --- [           main] j.l.Class                                : Oops! We have an Error. OK
2019-06-04 16:54:44.962 FATAL TanjaS --- [           main] j.l.Class                                : Damn! Fatal error. Please fix me.
2019-06-04 16:54:53.653  INFO TanjaS --- [           main] j.l.Class                                : Info log
2019-06-04 16:54:53.653  WARN TanjaS --- [           main] j.l.Class                                : Hey, This is a warning!
2019-06-04 16:54:53.653 ERROR TanjaS --- [           main] j.l.Class                                : Oops! We have an Error. OK
2019-06-04 16:54:53.661 FATAL TanjaS --- [           main] j.l.Class                                : Damn! Fatal error. Please fix me.
2019-06-04 16:54:58.375  INFO TanjaS --- [           main] j.l.Class                                : Info log
2019-06-04 16:54:58.380  WARN TanjaS --- [           main] j.l.Class                                : Hey, This is a warning!
2019-06-04 16:54:58.383 ERROR TanjaS --- [           main] j.l.Class                                : Oops! We have an Error. OK
2019-06-04 16:54:58.393 FATAL TanjaS --- [           main] j.l.Class                                : Damn! Fatal error. Please fix me.
2019-06-04 16:55:03.376  INFO TanjaS --- [           main] o.s.s.w.DefaultSecurityFilterChain       : Creating filter chain: Ant [pattern='/user/login', POST], []
2019-06-04 16:55:03.387  INFO TanjaS --- [           main] o.s.s.w.DefaultSecurityFilterChain       : Creating filter chain: Ant [pattern='/user/registration', POST], []
2019-06-04 16:55:03.407  INFO TanjaS --- [           main] o.s.s.w.DefaultSecurityFilterChain       : Creating filter chain: Ant [pattern='/', GET], []
2019-06-04 16:55:03.407  INFO TanjaS --- [           main] o.s.s.w.DefaultSecurityFilterChain       : Creating filter chain: Ant [pattern='/webjars/**', GET], []
2019-06-04 16:55:03.415  INFO TanjaS --- [           main] o.s.s.w.DefaultSecurityFilterChain       : Creating filter chain: Ant [pattern='/*.html', GET], []
2019-06-04 16:55:03.417  INFO TanjaS --- [           main] o.s.s.w.DefaultSecurityFilterChain       : Creating filter chain: Ant [pattern='/favicon.ico', GET], []
2019-06-04 16:55:03.417  INFO TanjaS --- [           main] o.s.s.w.DefaultSecurityFilterChain       : Creating filter chain: Ant [pattern='/**/*.html', GET], []
2019-06-04 16:55:03.425  INFO TanjaS --- [           main] o.s.s.w.DefaultSecurityFilterChain       : Creating filter chain: Ant [pattern='/**/*.css', GET], []
2019-06-04 16:55:03.538  INFO TanjaS --- [           main] o.s.s.w.DefaultSecurityFilterChain       : Creating filter chain: Ant [pattern='/**/*.js', GET], []
2019-06-04 16:55:04.983  INFO TanjaS --- [           main] o.s.s.w.DefaultSecurityFilterChain       : Creating filter chain: any request, [org.springframework.security.web.context.request.async.WebAsyncManagerIntegrationFilter@3065efd0, org.springframework.security.web.context.SecurityContextPersistenceFilter@69e8b711, org.springframework.security.web.header.HeaderWriterFilter@b386a17, org.springframework.security.web.authentication.logout.LogoutFilter@6e5af973, project.besp.MegaTravel.config.TokenAuthenticationFilter@7aaf6bfd, org.springframework.security.web.savedrequest.RequestCacheAwareFilter@d99df7a, org.springframework.security.web.servletapi.SecurityContextHolderAwareRequestFilter@16cbba0f, org.springframework.security.web.authentication.AnonymousAuthenticationFilter@4a8bf1dc, org.springframework.security.web.session.SessionManagementFilter@fc21ff4, org.springframework.security.web.access.ExceptionTranslationFilter@2d5d001f, org.springframework.security.web.access.intercept.FilterSecurityInterceptor@46d18a33]
2019-06-04 16:55:09.199  INFO TanjaS --- [           main] o.s.s.c.ThreadPoolTaskExecutor           : Initializing ExecutorService 'applicationTaskExecutor'
2019-06-04 16:55:10.156  WARN TanjaS --- [           main] aWebConfiguration$JpaWebMvcConfiguration : spring.jpa.open-in-view is enabled by default. Therefore, database queries may be performed during view rendering. Explicitly configure spring.jpa.open-in-view to disable this warning
2019-06-04 16:55:12.226  INFO TanjaS --- [           main] o.s.b.a.w.s.WelcomePageHandlerMapping    : Adding welcome page: class path resource [static/index.html]
2019-06-04 16:55:25.374  INFO TanjaS --- [           main] o.s.b.a.e.w.EndpointLinksResolver        : Exposing 2 endpoint(s) beneath base path '/actuator'
2019-06-04 16:55:26.823  INFO TanjaS --- [           main] p.b.M.MegaTravelApplicationTests         : Started MegaTravelApplicationTests in 82.545 seconds (JVM running for 89.505)
2019-06-04 16:55:28.430  INFO TanjaS --- [       Thread-4] o.s.s.c.ThreadPoolTaskExecutor           : Shutting down ExecutorService 'applicationTaskExecutor'
2019-06-04 16:55:28.460  INFO TanjaS --- [       Thread-4] j.LocalContainerEntityManagerFactoryBean : Closing JPA EntityManagerFactory for persistence unit 'default'
2019-06-04 16:55:28.470  INFO TanjaS --- [       Thread-4] .SchemaDropperImpl$DelayedDropActionImpl : HHH000477: Starting delayed evictData of schema as part of SessionFactory shut-down'
2019-06-04 16:55:29.389  INFO TanjaS --- [       Thread-4] c.z.h.HikariDataSource                   : HikariPool-1 - Shutdown initiated...
2019-06-04 16:55:29.501  INFO TanjaS --- [       Thread-4] c.z.h.HikariDataSource                   : HikariPool-1 - Shutdown completed.
2019-06-04 16:56:15.209  INFO TanjaS --- [           main] p.b.M.MegaTravelApplication              : Starting MegaTravelApplication on TanjaS with PID 10204 (started by Windows 10 in C:\Users\Windows 10\git\BSEP_XML\MegaTravel)
2019-06-04 16:56:15.237  INFO TanjaS --- [           main] p.b.M.MegaTravelApplication              : No active profile set, falling back to default profiles: default
2019-06-04 16:56:19.008  INFO TanjaS --- [           main] .s.d.r.c.RepositoryConfigurationDelegate : Bootstrapping Spring Data repositories in DEFAULT mode.
2019-06-04 16:56:19.362  INFO TanjaS --- [           main] .s.d.r.c.RepositoryConfigurationDelegate : Finished Spring Data repository scanning in 334ms. Found 6 repository interfaces.
2019-06-04 16:56:20.702  INFO TanjaS --- [           main] trationDelegate$BeanPostProcessorChecker : Bean 'org.springframework.amqp.rabbit.annotation.RabbitBootstrapConfiguration' of type [org.springframework.amqp.rabbit.annotation.RabbitBootstrapConfiguration$$EnhancerBySpringCGLIB$$7016fc83] is not eligible for getting processed by all BeanPostProcessors (for example: not eligible for auto-proxying)
2019-06-04 16:56:20.934  INFO TanjaS --- [           main] trationDelegate$BeanPostProcessorChecker : Bean 'org.springframework.transaction.annotation.ProxyTransactionManagementConfiguration' of type [org.springframework.transaction.annotation.ProxyTransactionManagementConfiguration$$EnhancerBySpringCGLIB$$a9ab3e55] is not eligible for getting processed by all BeanPostProcessors (for example: not eligible for auto-proxying)
2019-06-04 16:56:21.057  INFO TanjaS --- [           main] trationDelegate$BeanPostProcessorChecker : Bean 'org.springframework.security.config.annotation.configuration.ObjectPostProcessorConfiguration' of type [org.springframework.security.config.annotation.configuration.ObjectPostProcessorConfiguration$$EnhancerBySpringCGLIB$$4259068f] is not eligible for getting processed by all BeanPostProcessors (for example: not eligible for auto-proxying)
2019-06-04 16:56:21.077  INFO TanjaS --- [           main] trationDelegate$BeanPostProcessorChecker : Bean 'objectPostProcessor' of type [org.springframework.security.config.annotation.configuration.AutowireBeanFactoryObjectPostProcessor] is not eligible for getting processed by all BeanPostProcessors (for example: not eligible for auto-proxying)
2019-06-04 16:56:21.087  INFO TanjaS --- [           main] trationDelegate$BeanPostProcessorChecker : Bean 'org.springframework.security.access.expression.method.DefaultMethodSecurityExpressionHandler@596a7f44' of type [org.springframework.security.access.expression.method.DefaultMethodSecurityExpressionHandler] is not eligible for getting processed by all BeanPostProcessors (for example: not eligible for auto-proxying)
2019-06-04 16:56:21.097  INFO TanjaS --- [           main] trationDelegate$BeanPostProcessorChecker : Bean 'org.springframework.security.config.annotation.method.configuration.GlobalMethodSecurityConfiguration' of type [org.springframework.security.config.annotation.method.configuration.GlobalMethodSecurityConfiguration$$EnhancerBySpringCGLIB$$672da941] is not eligible for getting processed by all BeanPostProcessors (for example: not eligible for auto-proxying)
2019-06-04 16:56:21.108  INFO TanjaS --- [           main] trationDelegate$BeanPostProcessorChecker : Bean 'methodSecurityMetadataSource' of type [org.springframework.security.access.method.DelegatingMethodSecurityMetadataSource] is not eligible for getting processed by all BeanPostProcessors (for example: not eligible for auto-proxying)
2019-06-04 16:56:21.166  INFO TanjaS --- [           main] trationDelegate$BeanPostProcessorChecker : Bean 'org.springframework.hateoas.config.HateoasConfiguration' of type [org.springframework.hateoas.config.HateoasConfiguration$$EnhancerBySpringCGLIB$$292b8b87] is not eligible for getting processed by all BeanPostProcessors (for example: not eligible for auto-proxying)
2019-06-04 16:56:22.872  INFO TanjaS --- [           main] o.s.b.w.e.t.TomcatWebServer              : Tomcat initialized with port(s): 8443 (https)
2019-06-04 16:56:22.922  INFO TanjaS --- [           main] o.a.c.h.Http11NioProtocol                : Initializing ProtocolHandler ["https-jsse-nio-8443"]
2019-06-04 16:56:22.973  INFO TanjaS --- [           main] o.a.c.c.StandardService                  : Starting service [Tomcat]
2019-06-04 16:56:22.973  INFO TanjaS --- [           main] o.a.c.c.StandardEngine                   : Starting Servlet engine: [Apache Tomcat/9.0.16]
2019-06-04 16:56:22.993  INFO TanjaS --- [           main] o.a.c.c.AprLifecycleListener             : The APR based Apache Tomcat Native library which allows optimal performance in production environments was not found on the java.library.path: [C:\Program Files\Java\jre1.8.0_191\bin;C:\Windows\Sun\Java\bin;C:\Windows\system32;C:\Windows;C:/Program Files/Java/jre1.8.0_191/bin/server;C:/Program Files/Java/jre1.8.0_191/bin;C:/Program Files/Java/jre1.8.0_191/lib/amd64;C:\ProgramData\Anaconda3;C:\ProgramData\Anaconda3\Library\mingw-w64\bin;C:\ProgramData\Anaconda3\Library\usr\bin;C:\ProgramData\Anaconda3\Library\bin;C:\ProgramData\Anaconda3\Scripts;C:\Program Files (x86)\Common Files\Oracle\Java\javapath;C:\ProgramData\Oracle\Java\javapath;C:\Windows\system32;C:\Windows;C:\Windows\System32\Wbem;C:\Windows\System32\WindowsPowerShell\v1.0\;C:\Windows\System32\OpenSSH\;C:\Program Files\dotnet\;C:\Program Files\Microsoft SQL Server\130\Tools\Binn\;C:\Program Files\Java\jdk1.8.0_191\bin;C:\Program Files\Java\jre1.8.0_191\bin;C:\Program Files\Git\cmd;C:\Program Files\nodejs\;C:\Users\Windows 10\AppData\Local\Microsoft\WindowsApps;;C:\Users\Windows 10\AppData\Local\Programs\Microsoft VS Code\bin;C:\Users\Windows 10\AppData\Roaming\npm;C:\Users\Windows 10\Downloads\eclipse;;.]
2019-06-04 16:56:25.941  INFO TanjaS --- [           main] o.a.c.c.C.[.[.[/]                        : Initializing Spring embedded WebApplicationContext
2019-06-04 16:56:25.942  INFO TanjaS --- [           main] o.s.w.c.ContextLoader                    : Root WebApplicationContext: initialization completed in 10521 ms
2019-06-04 16:56:29.795  INFO TanjaS --- [           main] c.z.h.HikariDataSource                   : HikariPool-1 - Starting...
2019-06-04 16:56:30.166  INFO TanjaS --- [           main] c.z.h.HikariDataSource                   : HikariPool-1 - Start completed.
2019-06-04 16:56:30.452  INFO TanjaS --- [           main] o.h.j.i.u.LogHelper                      : HHH000204: Processing PersistenceUnitInfo [
	name: default
	...]
2019-06-04 16:56:30.638  INFO TanjaS --- [           main] o.h.Version                              : HHH000412: Hibernate Core {5.3.7.Final}
2019-06-04 16:56:30.638  INFO TanjaS --- [           main] o.h.c.Environment                        : HHH000206: hibernate.properties not found
2019-06-04 16:56:31.022  INFO TanjaS --- [           main] o.h.a.c.Version                          : HCANN000001: Hibernate Commons Annotations {5.0.4.Final}
2019-06-04 16:56:31.783  INFO TanjaS --- [           main] o.h.d.Dialect                            : HHH000400: Using dialect: org.hibernate.dialect.MySQL5Dialect
2019-06-04 16:56:36.361  INFO TanjaS --- [           main] o.h.t.s.i.SchemaCreatorImpl              : HHH000476: Executing import script 'org.hibernate.tool.schema.internal.exec.ScriptSourceInputNonExistentImpl@66e12c3b'
2019-06-04 16:56:36.377  INFO TanjaS --- [           main] j.LocalContainerEntityManagerFactoryBean : Initialized JPA EntityManagerFactory for persistence unit 'default'
2019-06-04 16:56:36.743  INFO TanjaS --- [           main] j.l.Class                                : Info log
2019-06-04 16:56:36.743  WARN TanjaS --- [           main] j.l.Class                                : Hey, This is a warning!
2019-06-04 16:56:36.743 ERROR TanjaS --- [           main] j.l.Class                                : Oops! We have an Error. OK
2019-06-04 16:56:36.743 FATAL TanjaS --- [           main] j.l.Class                                : Damn! Fatal error. Please fix me.
2019-06-04 16:56:40.052  INFO TanjaS --- [           main] j.l.Class                                : Info log
2019-06-04 16:56:40.052  WARN TanjaS --- [           main] j.l.Class                                : Hey, This is a warning!
2019-06-04 16:56:40.069 ERROR TanjaS --- [           main] j.l.Class                                : Oops! We have an Error. OK
2019-06-04 16:56:40.069 FATAL TanjaS --- [           main] j.l.Class                                : Damn! Fatal error. Please fix me.
2019-06-04 16:56:42.815  INFO TanjaS --- [           main] j.l.Class                                : Info log
2019-06-04 16:56:42.815  WARN TanjaS --- [           main] j.l.Class                                : Hey, This is a warning!
2019-06-04 16:56:42.827 ERROR TanjaS --- [           main] j.l.Class                                : Oops! We have an Error. OK
2019-06-04 16:56:42.827 FATAL TanjaS --- [           main] j.l.Class                                : Damn! Fatal error. Please fix me.
2019-06-04 16:56:44.230  INFO TanjaS --- [           main] o.s.s.w.DefaultSecurityFilterChain       : Creating filter chain: Ant [pattern='/user/login', POST], []
2019-06-04 16:56:44.230  INFO TanjaS --- [           main] o.s.s.w.DefaultSecurityFilterChain       : Creating filter chain: Ant [pattern='/user/registration', POST], []
2019-06-04 16:56:44.233  INFO TanjaS --- [           main] o.s.s.w.DefaultSecurityFilterChain       : Creating filter chain: Ant [pattern='/', GET], []
2019-06-04 16:56:44.233  INFO TanjaS --- [           main] o.s.s.w.DefaultSecurityFilterChain       : Creating filter chain: Ant [pattern='/webjars/**', GET], []
2019-06-04 16:56:44.233  INFO TanjaS --- [           main] o.s.s.w.DefaultSecurityFilterChain       : Creating filter chain: Ant [pattern='/*.html', GET], []
2019-06-04 16:56:44.233  INFO TanjaS --- [           main] o.s.s.w.DefaultSecurityFilterChain       : Creating filter chain: Ant [pattern='/favicon.ico', GET], []
2019-06-04 16:56:44.234  INFO TanjaS --- [           main] o.s.s.w.DefaultSecurityFilterChain       : Creating filter chain: Ant [pattern='/**/*.html', GET], []
2019-06-04 16:56:44.234  INFO TanjaS --- [           main] o.s.s.w.DefaultSecurityFilterChain       : Creating filter chain: Ant [pattern='/**/*.css', GET], []
2019-06-04 16:56:44.234  INFO TanjaS --- [           main] o.s.s.w.DefaultSecurityFilterChain       : Creating filter chain: Ant [pattern='/**/*.js', GET], []
2019-06-04 16:56:44.605  INFO TanjaS --- [           main] o.s.s.w.DefaultSecurityFilterChain       : Creating filter chain: any request, [org.springframework.security.web.context.request.async.WebAsyncManagerIntegrationFilter@45295cfd, org.springframework.security.web.context.SecurityContextPersistenceFilter@3117ac8d, org.springframework.security.web.header.HeaderWriterFilter@284f25e6, org.springframework.security.web.authentication.logout.LogoutFilter@24f2608b, project.besp.MegaTravel.config.TokenAuthenticationFilter@42c9b1ee, org.springframework.security.web.savedrequest.RequestCacheAwareFilter@7ea039b4, org.springframework.security.web.servletapi.SecurityContextHolderAwareRequestFilter@3e1897d, org.springframework.security.web.authentication.AnonymousAuthenticationFilter@217c6a1e, org.springframework.security.web.session.SessionManagementFilter@531299d3, org.springframework.security.web.access.ExceptionTranslationFilter@4a773f08, org.springframework.security.web.access.intercept.FilterSecurityInterceptor@36762234]
2019-06-04 16:56:45.499  INFO TanjaS --- [           main] o.s.s.c.ThreadPoolTaskExecutor           : Initializing ExecutorService 'applicationTaskExecutor'
2019-06-04 16:56:45.787  WARN TanjaS --- [           main] aWebConfiguration$JpaWebMvcConfiguration : spring.jpa.open-in-view is enabled by default. Therefore, database queries may be performed during view rendering. Explicitly configure spring.jpa.open-in-view to disable this warning
2019-06-04 16:56:46.373  INFO TanjaS --- [           main] o.s.b.a.w.s.WelcomePageHandlerMapping    : Adding welcome page: class path resource [static/index.html]
2019-06-04 16:56:50.143  INFO TanjaS --- [           main] o.s.b.a.e.w.EndpointLinksResolver        : Exposing 2 endpoint(s) beneath base path '/actuator'
2019-06-04 16:56:50.968  INFO TanjaS --- [           main] o.a.c.h.Http11NioProtocol                : Starting ProtocolHandler ["https-jsse-nio-8443"]
2019-06-04 16:56:52.211  INFO TanjaS --- [           main] o.s.b.w.e.t.TomcatWebServer              : Tomcat started on port(s): 8443 (https) with context path ''
2019-06-04 16:56:52.213  INFO TanjaS --- [           main] p.b.M.MegaTravelApplication              : Started MegaTravelApplication in 38.247 seconds (JVM running for 43.381)
2019-06-04 16:57:15.777  INFO TanjaS --- [nio-8443-exec-7] o.a.c.c.C.[.[.[/]                        : Initializing Spring DispatcherServlet 'dispatcherServlet'
2019-06-04 16:57:15.777  INFO TanjaS --- [nio-8443-exec-7] o.s.w.s.DispatcherServlet                : Initializing Servlet 'dispatcherServlet'
2019-06-04 16:57:15.875  INFO TanjaS --- [nio-8443-exec-7] o.s.w.s.DispatcherServlet                : Completed initialization in 97 ms
2019-06-04 16:57:35.731  INFO TanjaS --- [on(2)-127.0.0.1] inMXBeanRegistrar$SpringApplicationAdmin : Application shutdown requested.
2019-06-04 16:57:35.752  INFO TanjaS --- [on(2)-127.0.0.1] o.s.s.c.ThreadPoolTaskExecutor           : Shutting down ExecutorService 'applicationTaskExecutor'
2019-06-04 16:57:35.781  INFO TanjaS --- [on(2)-127.0.0.1] j.LocalContainerEntityManagerFactoryBean : Closing JPA EntityManagerFactory for persistence unit 'default'
2019-06-04 16:57:35.782  INFO TanjaS --- [on(2)-127.0.0.1] .SchemaDropperImpl$DelayedDropActionImpl : HHH000477: Starting delayed evictData of schema as part of SessionFactory shut-down'
2019-06-04 16:57:36.552  INFO TanjaS --- [on(2)-127.0.0.1] c.z.h.HikariDataSource                   : HikariPool-1 - Shutdown initiated...
2019-06-04 16:57:36.600  INFO TanjaS --- [on(2)-127.0.0.1] c.z.h.HikariDataSource                   : HikariPool-1 - Shutdown completed.
